[gramentheme.com/html/xbuild/index.html]
[backblue.gif]
[fade.gif]
[index.html]
[gramentheme.com/html/xbuild/assets/img/favicon.svg]
[gramentheme.com/html/xbuild/assets/css/bootstrap.min.css]
[gramentheme.com/html/xbuild/assets/css/animate.css]
[gramentheme.com/html/xbuild/assets/css/all.min.css]
[gramentheme.com/html/xbuild/assets/css/splitting.css]
[gramentheme.com/html/xbuild/assets/css/magnific-popup.css]
[gramentheme.com/html/xbuild/assets/css/meanmenu.css]
[gramentheme.com/html/xbuild/assets/css/swiper-bundle.min.css]
[gramentheme.com/html/xbuild/assets/css/nice-select.css]
[gramentheme.com/html/xbuild/assets/css/main.css]
[gramentheme.com/html/xbuild/assets/img/logo/black-logo.svg]
[gramentheme.com/html/xbuild/contact.html]
[gramentheme.com/html/xbuild/assets/img/logo/white-logo.svg]
[gramentheme.com/html/xbuild/assets/img/header/home-1.jpg]
[gramentheme.com/html/xbuild/index-one-page.html]
[gramentheme.com/html/xbuild/assets/img/header/home-2.jpg]
[gramentheme.com/html/xbuild/index-2.html]
[gramentheme.com/html/xbuild/index-two-page.html]
[gramentheme.com/html/xbuild/assets/img/header/home-3.jpg]
[gramentheme.com/html/xbuild/index-3.html]
[gramentheme.com/html/xbuild/index-three-page.html]
[gramentheme.com/html/xbuild/team.html]
[gramentheme.com/html/xbuild/about.html]
[gramentheme.com/html/xbuild/news.html]
[gramentheme.com/html/xbuild/team-details.html]
[gramentheme.com/html/xbuild/pricing.html]
[gramentheme.com/html/xbuild/faq.html]
[gramentheme.com/html/xbuild/404.html]
[gramentheme.com/html/xbuild/service-details.html]
[gramentheme.com/html/xbuild/service.html]
[gramentheme.com/html/xbuild/project.html]
[gramentheme.com/html/xbuild/project-details.html]
[gramentheme.com/html/xbuild/news-grid.html]
[gramentheme.com/html/xbuild/news-details.html]
[gramentheme.com/html/xbuild/assets/img/hero/hero-3.png]
[gramentheme.com/html/xbuild/assets/img/service/shape-1.png]
[gramentheme.com/html/xbuild/assets/img/service/items-shape-2.png]
[gramentheme.com/html/xbuild/assets/img/service/service-1.png]
[gramentheme.com/html/xbuild/assets/img/icon/25.svg]
[gramentheme.com/html/xbuild/assets/img/service/service-2.png]
[gramentheme.com/html/xbuild/assets/img/icon/26.svg]
[gramentheme.com/html/xbuild/assets/img/service/service-3.png]
[gramentheme.com/html/xbuild/assets/img/icon/27.svg]
[gramentheme.com/html/xbuild/assets/img/service/service-4.png]
[gramentheme.com/html/xbuild/assets/img/icon/28.svg]
[gramentheme.com/html/xbuild/assets/img/about/bg-shape.png]
[gramentheme.com/html/xbuild/assets/img/about/video-img.jpg]
[gramentheme.com/html/xbuild/assets/img/about/author.png]
[gramentheme.com/html/xbuild/assets/img/about/05.jpg]
[gramentheme.com/html/xbuild/assets/img/about/arrow.png]
[gramentheme.com/html/xbuild/assets/img/process-shape.png]
[gramentheme.com/html/xbuild/assets/img/work-shape.png]
[gramentheme.com/html/xbuild/assets/img/track-2.png]
[gramentheme.com/html/xbuild/assets/img/skills/shape-3.png]
[gramentheme.com/html/xbuild/assets/img/skills/03.jpg]
[gramentheme.com/html/xbuild/assets/img/achivements-image-2.jpg]
[gramentheme.com/html/xbuild/assets/img/testimonial/bg.jpg]
[gramentheme.com/html/xbuild/assets/img/testimonial/shape-left.png]
[gramentheme.com/html/xbuild/assets/img/testimonial/client-4.png]
[gramentheme.com/html/xbuild/assets/img/testimonial/amazon.png]
[gramentheme.com/html/xbuild/assets/img/testimonial/shape-right.png]
[gramentheme.com/html/xbuild/assets/img/testimonial/client-5.png]
[gramentheme.com/html/xbuild/assets/img/testimonial/envato.png]
[gramentheme.com/html/xbuild/assets/img/news/shape-3.png]
[gramentheme.com/html/xbuild/assets/img/news/shape-4.png]
[gramentheme.com/html/xbuild/assets/img/news/04.jpg]
[gramentheme.com/html/xbuild/assets/img/news/author-1.png]
[gramentheme.com/html/xbuild/assets/img/news/05.jpg]
[gramentheme.com/html/xbuild/assets/img/news/author-2.png]
[gramentheme.com/html/xbuild/assets/img/news/06.jpg]
[gramentheme.com/html/xbuild/assets/img/news/author-3.png]
[gramentheme.com/html/xbuild/assets/img/brand/brand-logo.png]
[gramentheme.com/html/xbuild/assets/img/brand/brand-logo-2.png]
[gramentheme.com/html/xbuild/assets/img/brand/brand-logo-3.png]
[gramentheme.com/html/xbuild/assets/img/brand/brand-logo-4.png]
[gramentheme.com/html/xbuild/assets/img/brand/brand-logo-5.png]
[gramentheme.com/html/xbuild/assets/img/footer/bg.jpg]
[gramentheme.com/html/xbuild/assets/img/footer/gallery-1.jpg]
[gramentheme.com/html/xbuild/assets/img/footer/gallery-2.jpg]
[gramentheme.com/html/xbuild/assets/img/footer/gallery-3.jpg]
[gramentheme.com/html/xbuild/assets/img/footer/gallery-4.jpg]
[gramentheme.com/html/xbuild/assets/img/footer/gallery-5.jpg]
[gramentheme.com/html/xbuild/assets/img/footer/gallery-6.jpg]
[gramentheme.com/html/xbuild/assets/js/jquery-3.7.1.min.js]
[gramentheme.com/html/xbuild/assets/js/viewport.jquery.js]
[gramentheme.com/html/xbuild/assets/js/bootstrap.bundle.min.js]
[gramentheme.com/html/xbuild/assets/js/gsap/gsap.js]
[gramentheme.com/html/xbuild/assets/js/gsap/gsap-scroll-to-plugin.js]
[gramentheme.com/html/xbuild/assets/js/gsap/gsap-scroll-smoother.js]
[gramentheme.com/html/xbuild/assets/js/gsap/gsap-scroll-trigger.js]
[gramentheme.com/html/xbuild/assets/js/splitting.js]
[gramentheme.com/html/xbuild/assets/js/jquery.nice-select.min.js]
[gramentheme.com/html/xbuild/assets/js/jquery.waypoints.js]
[gramentheme.com/html/xbuild/assets/js/jquery.counterup.min.js]
[gramentheme.com/html/xbuild/assets/js/swiper-bundle.min.js]
[gramentheme.com/html/xbuild/assets/js/jquery.meanmenu.min.js]
[gramentheme.com/html/xbuild/assets/js/jquery.magnific-popup.min.js]
[gramentheme.com/html/xbuild/assets/js/wow.min.js]
[gramentheme.com/html/xbuild/assets/js/splitting-animation.js]
[gramentheme.com/html/xbuild/assets/js/main.js]
[gramentheme.com/html/xbuild/index.html]
[gramentheme.com/html/xbuild/assets/img/favicon.svg]
[gramentheme.com/html/xbuild/assets/css/bootstrap.min.css]
[gramentheme.com/html/xbuild/assets/webfonts/fa-brands-400.woff2]
[gramentheme.com/html/xbuild/assets/webfonts/fa-brands-400.ttf]
[gramentheme.com/html/xbuild/assets/webfonts/fa-duotone-900.woff2]
[gramentheme.com/html/xbuild/assets/webfonts/fa-duotone-900.ttf]
[gramentheme.com/html/xbuild/assets/webfonts/fa-light-300.woff2]
[gramentheme.com/html/xbuild/assets/webfonts/fa-regular-400.woff2]
[gramentheme.com/html/xbuild/assets/webfonts/fa-light-300.ttf]
[gramentheme.com/html/xbuild/assets/webfonts/fa-solid-900.woff2]
[gramentheme.com/html/xbuild/assets/webfonts/fa-solid-900.ttf]
[gramentheme.com/html/xbuild/assets/webfonts/fa-thin-100.woff2]
[gramentheme.com/html/xbuild/assets/webfonts/fa-v4compatibility.woff2]
[gramentheme.com/html/xbuild/assets/webfonts/fa-v4compatibility.ttf]
[gramentheme.com/html/xbuild/assets/css/all.min.css]
[gramentheme.com/html/xbuild/assets/css/animate.css]
[gramentheme.com/html/xbuild/assets/css/splitting.css]
[gramentheme.com/html/xbuild/assets/css/magnific-popup.css]
[gramentheme.com/html/xbuild/assets/css/meanmenu.css]
[gramentheme.com/html/xbuild/assets/css/swiper-bundle.min.css]
[gramentheme.com/html/xbuild/assets/css/nice-select.css]
[gramentheme.com/html/xbuild/assets/css/color.css]
[gramentheme.com/html/xbuild/assets/webfonts/fa-thin-100.ttf]
[gramentheme.com/html/xbuild/assets/img/plus.svg]
[gramentheme.com/html/xbuild/assets/img/project/01.jpg]
[gramentheme.com/html/xbuild/assets/webfonts/fa-regular-400.ttf]
[gramentheme.com/html/xbuild/assets/img/project/02.jpg]
[gramentheme.com/html/xbuild/assets/img/project/03.jpg]
[gramentheme.com/html/xbuild/assets/img/project/04.jpg]
[gramentheme.com/html/xbuild/assets/img/project/05.jpg]
[gramentheme.com/html/xbuild/assets/img/project/18.jpg]
[gramentheme.com/html/xbuild/assets/img/project/19.jpg]
[gramentheme.com/html/xbuild/assets/img/project/20.jpg]
[gramentheme.com/html/xbuild/assets/img/project/21.jpg]
[gramentheme.com/html/xbuild/assets/css/main.css]
[gramentheme.com/html/xbuild/assets/img/logo/black-logo.svg]
[gramentheme.com/html/xbuild/assets/img/breadcrumb-bg.jpg]
[gramentheme.com/html/xbuild/assets/img/vector.png]
[gramentheme.com/html/xbuild/assets/img/breadcrumb-image.png]
[gramentheme.com/html/xbuild/assets/img/breadcrumb-bar.png]
[gramentheme.com/html/xbuild/assets/img/icon/18.svg]
[gramentheme.com/html/xbuild/assets/img/icon/19.svg]
[gramentheme.com/html/xbuild/assets/img/icon/20.svg]
[gramentheme.com/html/xbuild/assets/js/ajax-mail.js]
[gramentheme.com/html/xbuild/contact.html]
[gramentheme.com/html/xbuild/assets/img/logo/white-logo.svg]
[gramentheme.com/html/xbuild/index-one-page.html]
[gramentheme.com/html/xbuild/assets/img/hero/line-shape.png]
[gramentheme.com/html/xbuild/assets/img/hero/vector.png]
[gramentheme.com/html/xbuild/assets/img/hero/vector-2.png]
[gramentheme.com/html/xbuild/assets/img/hero/01.jpg]
[gramentheme.com/html/xbuild/assets/img/hero/02.jpg]
[gramentheme.com/html/xbuild/assets/img/hero/prev.png]
[gramentheme.com/html/xbuild/assets/img/hero/next.png]
[gramentheme.com/html/xbuild/assets/img/about/about-shape-1.png]
[gramentheme.com/html/xbuild/assets/img/about/about-shape-2.png]
[gramentheme.com/html/xbuild/assets/img/about/01.jpg]
[gramentheme.com/html/xbuild/assets/img/about/02.jpg]
[gramentheme.com/html/xbuild/assets/img/about/about-shape-3.png]
[gramentheme.com/html/xbuild/assets/img/about/signature.png]
[gramentheme.com/html/xbuild/assets/img/service/service-bg.jpg]
[gramentheme.com/html/xbuild/assets/img/service/01.jpg]
[gramentheme.com/html/xbuild/assets/img/icon/01.svg]
[gramentheme.com/html/xbuild/assets/img/service/02.jpg]
[gramentheme.com/html/xbuild/assets/img/icon/02.svg]
[gramentheme.com/html/xbuild/assets/img/service/03.jpg]
[gramentheme.com/html/xbuild/assets/img/icon/03.svg]
[gramentheme.com/html/xbuild/assets/img/service/04.jpg]
[gramentheme.com/html/xbuild/assets/img/icon/04.svg]
[gramentheme.com/html/xbuild/assets/img/cta-bg.jpg]
[gramentheme.com/html/xbuild/assets/img/cta-img.png]
[gramentheme.com/html/xbuild/assets/img/cta-shape.png]
[gramentheme.com/html/xbuild/assets/img/skills/shape-1.png]
[gramentheme.com/html/xbuild/assets/img/skills/shape-2.png]
[gramentheme.com/html/xbuild/assets/img/skills/01.jpg]
[gramentheme.com/html/xbuild/assets/img/skills/logo.png]
[gramentheme.com/html/xbuild/assets/img/skills/02.jpg]
[gramentheme.com/html/xbuild/assets/img/testimonial/arrow-shape.png]
[gramentheme.com/html/xbuild/assets/img/testimonial/building-shape.png]
[gramentheme.com/html/xbuild/assets/img/testimonial/testimonial-image.jpg]
[gramentheme.com/html/xbuild/assets/img/testimonial/client-1.png]
[gramentheme.com/html/xbuild/assets/img/testimonial/client-2.png]
[gramentheme.com/html/xbuild/assets/img/testimonial/client-3.png]
[gramentheme.com/html/xbuild/assets/img/faq/bg-shape.png]
[gramentheme.com/html/xbuild/assets/img/track.png]
[gramentheme.com/html/xbuild/assets/img/team/bg-shape.png]
[gramentheme.com/html/xbuild/assets/img/team/01.jpg]
[gramentheme.com/html/xbuild/assets/img/team/02.jpg]
[gramentheme.com/html/xbuild/assets/img/team/03.jpg]
[gramentheme.com/html/xbuild/assets/img/team/04.jpg]
[gramentheme.com/html/xbuild/assets/img/contact-bg.jpg]
[gramentheme.com/html/xbuild/assets/img/contact-img-shape.png]
[gramentheme.com/html/xbuild/assets/img/news/shape-1.png]
[gramentheme.com/html/xbuild/assets/img/news/shape-2.png]
[gramentheme.com/html/xbuild/assets/img/news/01.jpg]
[gramentheme.com/html/xbuild/assets/img/news/02.jpg]
[gramentheme.com/html/xbuild/assets/img/news/03.jpg]
[gramentheme.com/html/xbuild/index-2.html]
[gramentheme.com/html/xbuild/index-two-page.html]
[gramentheme.com/html/xbuild/assets/img/hero/hero-bg.jpg]
[gramentheme.com/html/xbuild/assets/img/hero/hero-1.png]
[gramentheme.com/html/xbuild/assets/img/hero/hero-2.png]
[gramentheme.com/html/xbuild/assets/img/about/about-shape-4.png]
[gramentheme.com/html/xbuild/assets/img/about/about-shape-5.png]
[gramentheme.com/html/xbuild/assets/img/about/03.jpg]
[gramentheme.com/html/xbuild/assets/img/about/04.jpg]
[gramentheme.com/html/xbuild/assets/img/about/bar.png]
[gramentheme.com/html/xbuild/assets/img/icon/05.svg]
[gramentheme.com/html/xbuild/assets/img/icon/06.svg]
[gramentheme.com/html/xbuild/assets/img/service/bg-shape.png]
[gramentheme.com/html/xbuild/assets/img/service/05.jpg]
[gramentheme.com/html/xbuild/assets/img/service/bar.png]
[gramentheme.com/html/xbuild/assets/img/icon/07.svg]
[gramentheme.com/html/xbuild/assets/img/service/items-shape.png]
[gramentheme.com/html/xbuild/assets/img/icon/08.svg]
[gramentheme.com/html/xbuild/assets/img/icon/09.svg]
[gramentheme.com/html/xbuild/assets/img/icon/10.svg]
[gramentheme.com/html/xbuild/assets/img/project/06.jpg]
[gramentheme.com/html/xbuild/assets/img/project/07.jpg]
[gramentheme.com/html/xbuild/assets/img/project/08.jpg]
[gramentheme.com/html/xbuild/assets/img/team/shape-1.png]
[gramentheme.com/html/xbuild/assets/img/team/shape-2.png]
[gramentheme.com/html/xbuild/assets/img/team/05.jpg]
[gramentheme.com/html/xbuild/team-details]
[gramentheme.com/html/xbuild/assets/img/team/06.jpg]
[gramentheme.com/html/xbuild/assets/img/team/07.jpg]
[gramentheme.com/html/xbuild/assets/img/team/08.jpg]
[gramentheme.com/html/xbuild/assets/img/pricing-bg.jpg]
[gramentheme.com/html/xbuild/assets/img/pricing-arrow-shape.png]
[gramentheme.com/html/xbuild/assets/img/pricing-circle-shape.png]
[gramentheme.com/html/xbuild/assets/img/pricing-shape.png]
[gramentheme.com/html/xbuild/assets/img/tag.png]
[gramentheme.com/html/xbuild/assets/img/cta-bg-2.jpg]
[gramentheme.com/html/xbuild/assets/img/engineer-holding.png]
[gramentheme.com/html/xbuild/assets/img/achivements-bg-shape.png]
[gramentheme.com/html/xbuild/assets/img/icon/11.svg]
[gramentheme.com/html/xbuild/assets/img/icon/12.svg]
[gramentheme.com/html/xbuild/assets/img/icon/13.svg]
[gramentheme.com/html/xbuild/assets/img/icon/14.svg]
[gramentheme.com/html/xbuild/assets/img/achivements-image.jpg]
[gramentheme.com/html/xbuild/index-3.html]
[gramentheme.com/html/xbuild/index-three-page.html]
[gramentheme.com/html/xbuild/assets/img/team/09.jpg]
[gramentheme.com/html/xbuild/assets/img/team/10.jpg]
[gramentheme.com/html/xbuild/assets/img/team/11.jpg]
[gramentheme.com/html/xbuild/assets/img/team/12.jpg]
[gramentheme.com/html/xbuild/team.html]
[gramentheme.com/html/xbuild/assets/img/achivements-shape.png]
[gramentheme.com/html/xbuild/assets/img/border.png]
[gramentheme.com/html/xbuild/assets/img/icon/21.svg]
[gramentheme.com/html/xbuild/assets/img/icon/22.svg]
[gramentheme.com/html/xbuild/assets/img/icon/23.svg]
[gramentheme.com/html/xbuild/assets/img/icon/24.svg]
[gramentheme.com/html/xbuild/assets/img/man.png]
[gramentheme.com/html/xbuild/about.html]
[gramentheme.com/html/xbuild/assets/img/news/post-1.jpg]
[gramentheme.com/html/xbuild/assets/img/news/post-2.jpg]
[gramentheme.com/html/xbuild/assets/img/news/post-3.jpg]
[gramentheme.com/html/xbuild/assets/img/news/pp2.jpg]
[gramentheme.com/html/xbuild/assets/img/news/pp3.jpg]
[gramentheme.com/html/xbuild/assets/img/news/pp4.jpg]
[gramentheme.com/html/xbuild/news.html]
[gramentheme.com/html/xbuild/assets/img/team/details-1.jpg]
[gramentheme.com/html/xbuild/assets/img/team/gallery-1.jpg]
[gramentheme.com/html/xbuild/assets/img/team/gallery-2.jpg]
[gramentheme.com/html/xbuild/assets/img/team/gallery-3.jpg]
[gramentheme.com/html/xbuild/team-details.html]
[gramentheme.com/html/xbuild/pricing.html]
[gramentheme.com/html/xbuild/faq.html]
[gramentheme.com/html/xbuild/assets/img/404.png]
[gramentheme.com/html/xbuild/404.html]
[gramentheme.com/html/xbuild/assets/img/service/details-1.jpg]
[gramentheme.com/html/xbuild/assets/img/service/details-2.jpg]
[gramentheme.com/html/xbuild/assets/img/icon/15.svg]
[gramentheme.com/html/xbuild/assets/img/icon/16.svg]
[gramentheme.com/html/xbuild/assets/img/icon/17.svg]
[gramentheme.com/html/xbuild/assets/img/service/contact-bg.jpg]
[gramentheme.com/html/xbuild/assets/img/service/logo.png]
[gramentheme.com/html/xbuild/service-details.html]
[gramentheme.com/html/xbuild/assets/img/service/06.jpg]
[gramentheme.com/html/xbuild/assets/img/service/07.jpg]
[gramentheme.com/html/xbuild/assets/img/service/08.jpg]
[gramentheme.com/html/xbuild/service.html]
[gramentheme.com/html/xbuild/assets/img/project/09.jpg]
[gramentheme.com/html/xbuild/assets/img/project/shape.png]
[gramentheme.com/html/xbuild/assets/img/project/10.jpg]
[gramentheme.com/html/xbuild/assets/img/project/11.jpg]
[gramentheme.com/html/xbuild/assets/img/project/12.jpg]
[gramentheme.com/html/xbuild/assets/img/project/13.jpg]
[gramentheme.com/html/xbuild/assets/img/project/14.jpg]
[gramentheme.com/html/xbuild/assets/img/project/15.jpg]
[gramentheme.com/html/xbuild/assets/img/project/16.jpg]
[gramentheme.com/html/xbuild/assets/img/project/17.jpg]
[gramentheme.com/html/xbuild/project.html]
[gramentheme.com/html/xbuild/assets/img/project/details-1.jpg]
[gramentheme.com/html/xbuild/assets/img/project/details-2.jpg]
[gramentheme.com/html/xbuild/assets/img/project/details-3.jpg]
[gramentheme.com/html/xbuild/project-details.html]
[gramentheme.com/html/xbuild/assets/img/news/07.jpg]
[gramentheme.com/html/xbuild/assets/img/news/08.jpg]
[gramentheme.com/html/xbuild/assets/img/news/09.jpg]
[gramentheme.com/html/xbuild/news-grid.html]
[gramentheme.com/html/xbuild/assets/img/news/post-4.jpg]
[gramentheme.com/html/xbuild/assets/img/news/post-5.jpg]
[gramentheme.com/html/xbuild/assets/img/news/post-6.jpg]
[gramentheme.com/html/xbuild/assets/img/news/comment-1.png]
[gramentheme.com/html/xbuild/assets/img/news/comment-2.png]
[gramentheme.com/html/xbuild/news-details.html]
[gramentheme.com/html/xbuild/assets/img/icon/25.svg]
[gramentheme.com/html/xbuild/assets/img/icon/26.svg]
[gramentheme.com/html/xbuild/assets/img/icon/27.svg]
[gramentheme.com/html/xbuild/assets/img/icon/28.svg]
[gramentheme.com/html/xbuild/assets/img/plus.svg]
[gramentheme.com/html/xbuild/assets/img/minus.svg]
[gramentheme.com/html/xbuild/assets/img/icon/18.svg]
[gramentheme.com/html/xbuild/assets/img/icon/19.svg]
[gramentheme.com/html/xbuild/assets/img/icon/20.svg]
[gramentheme.com/html/xbuild/assets/img/icon/01.svg]
[gramentheme.com/html/xbuild/assets/img/icon/02.svg]
[gramentheme.com/html/xbuild/assets/img/icon/03.svg]
[gramentheme.com/html/xbuild/assets/img/icon/04.svg]
[gramentheme.com/html/xbuild/assets/img/icon/05.svg]
[gramentheme.com/html/xbuild/assets/img/icon/06.svg]
[gramentheme.com/html/xbuild/assets/img/icon/07.svg]
[gramentheme.com/html/xbuild/assets/img/icon/08.svg]
[gramentheme.com/html/xbuild/assets/img/icon/09.svg]
[gramentheme.com/html/xbuild/assets/img/icon/10.svg]
[gramentheme.com/html/xbuild/team-details-2.html]
[gramentheme.com/html/xbuild/assets/img/icon/11.svg]
[gramentheme.com/html/xbuild/assets/img/icon/12.svg]
[gramentheme.com/html/xbuild/assets/img/icon/13.svg]
[gramentheme.com/html/xbuild/assets/img/icon/14.svg]
[gramentheme.com/html/xbuild/assets/img/icon/21.svg]
[gramentheme.com/html/xbuild/assets/img/icon/22.svg]
[gramentheme.com/html/xbuild/assets/img/icon/23.svg]
[gramentheme.com/html/xbuild/assets/img/icon/24.svg]
[gramentheme.com/html/xbuild/assets/img/icon/15.svg]
[gramentheme.com/html/xbuild/assets/img/icon/16.svg]
[gramentheme.com/html/xbuild/assets/img/icon/17.svg]
